 
****************************************
Report : constraint
        -all_violators
Design : Mod_Add_Sub
Version: O-2018.06-SP1
Date   : Sun Nov 12 00:34:36 2023
****************************************


   max_capacitance

                             Required        Actual
   Net                      Capacitance    Capacitance       Slack
   -----------------------------------------------------------------
   S1_reg[1]                    0.09           0.10          -0.01  (VIOLATED)
   S1_reg[2]                    0.09           0.10          -0.01  (VIOLATED)
   S1_reg[4]                    0.09           0.10          -0.01  (VIOLATED)
   S1_reg[5]                    0.09           0.10          -0.01  (VIOLATED)
   S1_reg[6]                    0.09           0.10          -0.01  (VIOLATED)
   S1_reg[10]                   0.09           0.10          -0.01  (VIOLATED)
   S1_reg[14]                   0.09           0.10          -0.01  (VIOLATED)
   S1_reg[16]                   0.09           0.10          -0.01  (VIOLATED)
   S1_reg[17]                   0.09           0.10          -0.01  (VIOLATED)
   S1_reg[18]                   0.09           0.10          -0.01  (VIOLATED)
   S1_reg[19]                   0.09           0.10          -0.01  (VIOLATED)
   S1_reg[20]                   0.09           0.10          -0.01  (VIOLATED)
   S1_reg[21]                   0.09           0.10          -0.01  (VIOLATED)
   S1_reg[22]                   0.09           0.10          -0.01  (VIOLATED)
   S1_reg[23]                   0.09           0.10          -0.01  (VIOLATED)
   S1_reg[24]                   0.09           0.10          -0.01  (VIOLATED)
   S1_reg[25]                   0.09           0.10          -0.01  (VIOLATED)
   S1_reg[26]                   0.09           0.10          -0.01  (VIOLATED)
   S1_reg[28]                   0.09           0.10          -0.01  (VIOLATED)
   S1_reg[29]                   0.09           0.10          -0.01  (VIOLATED)
   S1_reg[30]                   0.09           0.10          -0.01  (VIOLATED)
   S1_reg[31]                   0.09           0.10          -0.01  (VIOLATED)
   S1_reg[32]                   0.09           0.10          -0.01  (VIOLATED)
   S1_reg[34]                   0.09           0.10          -0.01  (VIOLATED)
   S1_reg[42]                   0.09           0.10          -0.01  (VIOLATED)
   S1_reg[50]                   0.09           0.10          -0.01  (VIOLATED)
   S1_reg[58]                   0.09           0.10          -0.01  (VIOLATED)
   S1_reg[64]                   0.09           0.10          -0.01  (VIOLATED)
   S1_reg[65]                   0.09           0.10          -0.01  (VIOLATED)
   S1_reg[66]                   0.09           0.10          -0.01  (VIOLATED)
   S1_reg[67]                   0.09           0.10          -0.01  (VIOLATED)
   S1_reg[68]                   0.09           0.10          -0.01  (VIOLATED)
   S1_reg[69]                   0.09           0.10          -0.01  (VIOLATED)
   S1_reg[70]                   0.09           0.10          -0.01  (VIOLATED)
   S1_reg[71]                   0.09           0.10          -0.01  (VIOLATED)
   S1_reg[72]                   0.09           0.10          -0.01  (VIOLATED)
   S1_reg[73]                   0.09           0.10          -0.01  (VIOLATED)
   S1_reg[74]                   0.09           0.10          -0.01  (VIOLATED)
   S1_reg[75]                   0.09           0.10          -0.01  (VIOLATED)
   S1_reg[76]                   0.09           0.10          -0.01  (VIOLATED)
   S1_reg[77]                   0.09           0.10          -0.01  (VIOLATED)
   S1_reg[78]                   0.09           0.10          -0.01  (VIOLATED)
   S1_reg[79]                   0.09           0.10          -0.01  (VIOLATED)
   S1_reg[80]                   0.09           0.10          -0.01  (VIOLATED)
   S1_reg[81]                   0.09           0.10          -0.01  (VIOLATED)
   S1_reg[82]                   0.09           0.10          -0.01  (VIOLATED)
   S1_reg[83]                   0.09           0.10          -0.01  (VIOLATED)
   S1_reg[84]                   0.09           0.10          -0.01  (VIOLATED)
   S1_reg[85]                   0.09           0.10          -0.01  (VIOLATED)
   S1_reg[86]                   0.09           0.10          -0.01  (VIOLATED)
   S1_reg[89]                   0.09           0.10          -0.01  (VIOLATED)
   S1_reg[90]                   0.09           0.10          -0.01  (VIOLATED)
   S1_reg[91]                   0.09           0.10          -0.01  (VIOLATED)
   S1_reg[92]                   0.09           0.10          -0.01  (VIOLATED)
   S1_reg[95]                   0.09           0.10          -0.01  (VIOLATED)
   S1_reg[96]                   0.09           0.10          -0.01  (VIOLATED)
   S1_reg[97]                   0.09           0.10          -0.01  (VIOLATED)
   S1_reg[98]                   0.09           0.10          -0.01  (VIOLATED)
   S1_reg[99]                   0.09           0.10          -0.01  (VIOLATED)
   S1_reg[100]                  0.09           0.10          -0.01  (VIOLATED)
   S1_reg[101]                  0.09           0.10          -0.01  (VIOLATED)
   S1_reg[102]                  0.09           0.10          -0.01  (VIOLATED)
   S1_reg[103]                  0.09           0.10          -0.01  (VIOLATED)
   S1_reg[104]                  0.09           0.10          -0.01  (VIOLATED)
   S1_reg[105]                  0.09           0.10          -0.01  (VIOLATED)
   S1_reg[106]                  0.09           0.10          -0.01  (VIOLATED)
   S1_reg[111]                  0.09           0.10          -0.01  (VIOLATED)
   S1_reg[112]                  0.09           0.10          -0.01  (VIOLATED)
   S1_reg[113]                  0.09           0.10          -0.01  (VIOLATED)
   S1_reg[114]                  0.09           0.10          -0.01  (VIOLATED)
   S1_reg[115]                  0.09           0.10          -0.01  (VIOLATED)
   S1_reg[116]                  0.09           0.10          -0.01  (VIOLATED)
   S1_reg[117]                  0.09           0.10          -0.01  (VIOLATED)
   S1_reg[118]                  0.09           0.10          -0.01  (VIOLATED)
   S1_reg[127]                  0.09           0.10          -0.01  (VIOLATED)
   S1_reg[128]                  0.09           0.10          -0.01  (VIOLATED)
   S1_reg[130]                  0.09           0.10          -0.01  (VIOLATED)
   S1_reg[132]                  0.09           0.10          -0.01  (VIOLATED)
   S1_reg[134]                  0.09           0.10          -0.01  (VIOLATED)
   S1_reg[136]                  0.09           0.10          -0.01  (VIOLATED)
   S1_reg[138]                  0.09           0.10          -0.01  (VIOLATED)
   S1_reg[140]                  0.09           0.10          -0.01  (VIOLATED)
   S1_reg[142]                  0.09           0.10          -0.01  (VIOLATED)
   S1_reg[144]                  0.09           0.10          -0.01  (VIOLATED)
   S1_reg[146]                  0.09           0.10          -0.01  (VIOLATED)
   S1_reg[148]                  0.09           0.10          -0.01  (VIOLATED)
   S1_reg[150]                  0.09           0.10          -0.01  (VIOLATED)
   S1_reg[152]                  0.09           0.10          -0.01  (VIOLATED)
   S1_reg[154]                  0.09           0.10          -0.01  (VIOLATED)
   S1_reg[155]                  0.09           0.10          -0.01  (VIOLATED)
   S1_reg[156]                  0.09           0.10          -0.01  (VIOLATED)
   S1_reg[157]                  0.09           0.10          -0.01  (VIOLATED)
   S1_reg[158]                  0.09           0.10          -0.01  (VIOLATED)
   S1_reg[160]                  0.09           0.10          -0.01  (VIOLATED)
   S1_reg[162]                  0.09           0.10          -0.01  (VIOLATED)
   S1_reg[164]                  0.09           0.10          -0.01  (VIOLATED)
   S1_reg[166]                  0.09           0.10          -0.01  (VIOLATED)
   S1_reg[168]                  0.09           0.10          -0.01  (VIOLATED)
   S1_reg[170]                  0.09           0.10          -0.01  (VIOLATED)
   S1_reg[171]                  0.09           0.10          -0.01  (VIOLATED)
   S1_reg[172]                  0.09           0.10          -0.01  (VIOLATED)
   S1_reg[173]                  0.09           0.10          -0.01  (VIOLATED)
   S1_reg[174]                  0.09           0.10          -0.01  (VIOLATED)
   S1_reg[175]                  0.09           0.10          -0.01  (VIOLATED)
   S1_reg[176]                  0.09           0.10          -0.01  (VIOLATED)
   S1_reg[178]                  0.09           0.10          -0.01  (VIOLATED)
   S1_reg[179]                  0.09           0.10          -0.01  (VIOLATED)
   S1_reg[180]                  0.09           0.10          -0.01  (VIOLATED)
   S1_reg[181]                  0.09           0.10          -0.01  (VIOLATED)
   S1_reg[182]                  0.09           0.10          -0.01  (VIOLATED)
   S1_reg[184]                  0.09           0.10          -0.01  (VIOLATED)
   S1_reg[185]                  0.09           0.10          -0.01  (VIOLATED)
   S1_reg[186]                  0.09           0.10          -0.01  (VIOLATED)
   S1_reg[187]                  0.09           0.10          -0.01  (VIOLATED)
   S1_reg[188]                  0.09           0.10          -0.01  (VIOLATED)
   S1_reg[189]                  0.09           0.10          -0.01  (VIOLATED)
   S1_reg[190]                  0.09           0.10          -0.01  (VIOLATED)
   S1_reg[192]                  0.09           0.10          -0.01  (VIOLATED)
   S1_reg[194]                  0.09           0.10          -0.01  (VIOLATED)
   S1_reg[196]                  0.09           0.10          -0.01  (VIOLATED)
   S1_reg[198]                  0.09           0.10          -0.01  (VIOLATED)
   S1_reg[200]                  0.09           0.10          -0.01  (VIOLATED)
   S1_reg[202]                  0.09           0.10          -0.01  (VIOLATED)
   S1_reg[203]                  0.09           0.10          -0.01  (VIOLATED)
   S1_reg[204]                  0.09           0.10          -0.01  (VIOLATED)
   S1_reg[205]                  0.09           0.10          -0.01  (VIOLATED)
   S1_reg[206]                  0.09           0.10          -0.01  (VIOLATED)
   S1_reg[207]                  0.09           0.10          -0.01  (VIOLATED)
   S1_reg[208]                  0.09           0.10          -0.01  (VIOLATED)
   S1_reg[210]                  0.09           0.10          -0.01  (VIOLATED)
   S1_reg[212]                  0.09           0.10          -0.01  (VIOLATED)
   S1_reg[213]                  0.09           0.10          -0.01  (VIOLATED)
   S1_reg[214]                  0.09           0.10          -0.01  (VIOLATED)
   S1_reg[216]                  0.09           0.10          -0.01  (VIOLATED)
   S1_reg[217]                  0.09           0.10          -0.01  (VIOLATED)
   S1_reg[218]                  0.09           0.10          -0.01  (VIOLATED)
   S1_reg[219]                  0.09           0.10          -0.01  (VIOLATED)
   S1_reg[220]                  0.09           0.10          -0.01  (VIOLATED)
   S1_reg[221]                  0.09           0.10          -0.01  (VIOLATED)
   S1_reg[222]                  0.09           0.10          -0.01  (VIOLATED)
   S1_reg[223]                  0.09           0.10          -0.01  (VIOLATED)
   S1_reg[224]                  0.09           0.10          -0.01  (VIOLATED)
   S1_reg[226]                  0.09           0.10          -0.01  (VIOLATED)
   S1_reg[227]                  0.09           0.10          -0.01  (VIOLATED)
   S1_reg[228]                  0.09           0.10          -0.01  (VIOLATED)
   S1_reg[229]                  0.09           0.10          -0.01  (VIOLATED)
   S1_reg[230]                  0.09           0.10          -0.01  (VIOLATED)
   S1_reg[232]                  0.09           0.10          -0.01  (VIOLATED)
   S1_reg[233]                  0.09           0.10          -0.01  (VIOLATED)
   S1_reg[234]                  0.09           0.10          -0.01  (VIOLATED)
   S1_reg[235]                  0.09           0.10          -0.01  (VIOLATED)
   S1_reg[236]                  0.09           0.10          -0.01  (VIOLATED)
   S1_reg[237]                  0.09           0.10          -0.01  (VIOLATED)
   S1_reg[238]                  0.09           0.10          -0.01  (VIOLATED)
   S1_reg[240]                  0.09           0.10          -0.01  (VIOLATED)
   S1_reg[241]                  0.09           0.10          -0.01  (VIOLATED)
   S1_reg[242]                  0.09           0.10          -0.01  (VIOLATED)
   S1_reg[243]                  0.09           0.10          -0.01  (VIOLATED)
   S1_reg[244]                  0.09           0.10          -0.01  (VIOLATED)
   S1_reg[245]                  0.09           0.10          -0.01  (VIOLATED)
   S1_reg[246]                  0.09           0.10          -0.01  (VIOLATED)
   S1_reg[249]                  0.09           0.10          -0.01  (VIOLATED)
   S1_reg[3]                    0.09           0.10          -0.01  (VIOLATED)
   S1_reg[9]                    0.09           0.10          -0.01  (VIOLATED)
   S1_reg[15]                   0.09           0.10          -0.01  (VIOLATED)
   S1_reg[33]                   0.09           0.10          -0.01  (VIOLATED)
   S1_reg[41]                   0.09           0.10          -0.01  (VIOLATED)
   S1_reg[49]                   0.09           0.10          -0.01  (VIOLATED)
   S1_reg[57]                   0.09           0.10          -0.01  (VIOLATED)
   S1_reg[63]                   0.09           0.10          -0.01  (VIOLATED)
   S1_reg[129]                  0.09           0.10          -0.01  (VIOLATED)
   S1_reg[131]                  0.09           0.10          -0.01  (VIOLATED)
   S1_reg[133]                  0.09           0.10          -0.01  (VIOLATED)
   S1_reg[135]                  0.09           0.10          -0.01  (VIOLATED)
   S1_reg[137]                  0.09           0.10          -0.01  (VIOLATED)
   S1_reg[139]                  0.09           0.10          -0.01  (VIOLATED)
   S1_reg[141]                  0.09           0.10          -0.01  (VIOLATED)
   S1_reg[143]                  0.09           0.10          -0.01  (VIOLATED)
   S1_reg[145]                  0.09           0.10          -0.01  (VIOLATED)
   S1_reg[147]                  0.09           0.10          -0.01  (VIOLATED)
   S1_reg[149]                  0.09           0.10          -0.01  (VIOLATED)
   S1_reg[151]                  0.09           0.10          -0.01  (VIOLATED)
   S1_reg[153]                  0.09           0.10          -0.01  (VIOLATED)
   S1_reg[159]                  0.09           0.10          -0.01  (VIOLATED)
   S1_reg[161]                  0.09           0.10          -0.01  (VIOLATED)
   S1_reg[163]                  0.09           0.10          -0.01  (VIOLATED)
   S1_reg[165]                  0.09           0.10          -0.01  (VIOLATED)
   S1_reg[167]                  0.09           0.10          -0.01  (VIOLATED)
   S1_reg[169]                  0.09           0.10          -0.01  (VIOLATED)
   S1_reg[177]                  0.09           0.10          -0.01  (VIOLATED)
   S1_reg[183]                  0.09           0.10          -0.01  (VIOLATED)
   S1_reg[197]                  0.09           0.10          -0.01  (VIOLATED)
   S1_reg[199]                  0.09           0.10          -0.01  (VIOLATED)
   S1_reg[201]                  0.09           0.10          -0.01  (VIOLATED)
   S1_reg[209]                  0.09           0.10          -0.01  (VIOLATED)
   S1_reg[215]                  0.09           0.10          -0.01  (VIOLATED)
   S1_reg[225]                  0.09           0.10          -0.01  (VIOLATED)
   S1_reg[231]                  0.09           0.10          -0.01  (VIOLATED)
   S1_reg[239]                  0.09           0.10          -0.01  (VIOLATED)
   S1_reg[247]                  0.09           0.10          -0.01  (VIOLATED)
   S1_reg[250]                  0.09           0.10          -0.01  (VIOLATED)
   S1_reg[252]                  0.09           0.10          -0.01  (VIOLATED)
   S1_reg[254]                  0.09           0.10          -0.01  (VIOLATED)
   S1_reg[248]                  0.09           0.10           0.00  (VIOLATED: increase significant digits)
   S1_reg[251]                  0.09           0.10           0.00  (VIOLATED: increase significant digits)
   S1_reg[253]                  0.09           0.10           0.00  (VIOLATED: increase significant digits)
   S1_reg[255]                  0.09           0.10           0.00  (VIOLATED: increase significant digits)
   S1_reg[0]                    0.09           0.10           0.00  (VIOLATED: increase significant digits)

   -----------------------------------------------------------------
   Total                      208                -1.71  

1
