################################################################################
#
# This file has been generated by SpyGlass:
#     Report Created by: ICer
#     Report Created on: Mon Nov 13 04:42:11 2023
#     Working Directory: /home/ICer/Projects/MOD_ADD_SUB/spyglass
#     Report Location  : ./Mod_Add_Sub/Mod_Add_Sub/adv_lint/adv_lint_struct/spyglass_reports/SpyGlass/elab_summary.rpt
#     SpyGlass Version : SpyGlass_vL-2016.06
#     Policy Name      : SpyGlass(SpyGlass_vL-2016.06)
#     Comment          : This report contains RTL and Elaborated names along with parameter values
#
################################################################################

================================================================================
Elaborated Name: 'carry_look_ahead_adder'
    (RTL Design Unit name: 'carry_look_ahead_adder', /home/ICer/Projects/MOD_ADD_SUB/src/carry_look_ahead_adder.sv:23)
     Parameters (Total: 1)
         DATA_WIDTH = 256 (default: 256)
     Instances (Total: 2): Mod_Add_Sub.ADDER_2, Mod_Add_Sub.ADDER_1 

================================================================================

Elaborated Name: 'Mod_Add_Sub'
    (RTL Design Unit name: 'Mod_Add_Sub', /home/ICer/Projects/MOD_ADD_SUB/src/Mod_Add_Sub.sv:23)
     Parameters (Total: 1)
         DATA_WIDTH = 256 (default: 256)
================================================================================
