
################################################################################
#
# This file has been generated by SpyGlass:
#     Report Name      : score
#     Report Created by: ICer
#     Report Created on:  Mon Nov 13 08:16:55 2023
#     Working Directory: /home/ICer/Projects/MOD_ADD_SUB/spyglass
#     SpyGlass Version : SpyGlass_vL-2016.06
#     Policy Name      : SpyGlass(SpyGlass_vL-2016.06)
#                        dft(SpyGlass_vL-2016.06)
#                        dft_dsm(SpyGlass_vL-2016.06)
#
#     Total Number of Generated Messages :         12
#     Number of Waived Messages          :          0
#     Number of Reported Messages        :         12
#     Number of Overlimit Messages       :          0
#
#
################################################################################

+++++++++++++++++++++++++++++++++++++++++++++++++++++++++++++++++++++++
SCORE REPORT:
===========================================	
+ Score for the Design is 95
+++++++++++++++++++++++++++++++++++++++++++++
