
################################################################################
#
# This file has been generated by SpyGlass:
#     Report Name      : summary
#     Report Created by: ICer
#     Report Created on:  Mon Nov 13 04:42:10 2023
#     Working Directory: /home/ICer/Projects/MOD_ADD_SUB/spyglass
#     SpyGlass Version : SpyGlass_vL-2016.06
#     Policy Name      : SpyGlass(SpyGlass_vL-2016.06)
#                        auto-verify(SpyGlass_vL-2016.06)
#
#     Total Number of Generated Messages :          8
#     Number of Waived Messages          :          0
#     Number of Reported Messages        :          8
#     Number of Overlimit Messages       :          0
#
#
################################################################################

+++++++++++++++++++++++++++++++++++++++++++++++++++++++++++++++++++++++++++++++
SUMMARY REPORT:


############### BuiltIn -> RuleGroup=Command-line read ###############
+++++++++++++++++++++++++++++++++++++++++++++++++++++++++++++++++++++++++++++++
Severity   Rule Name            Count Short Help                               
===============================================================================
WARNING    checkCMD_unset_option 1     This rule reports if a particular 
                                      option/parameter has been unset due to 
                                      some reasons which can be identified 
                                      from the message 
INFO       checkCMD_ignore01    1     Reports if a particular option has been 
                                      ignored as some other  superseding 
                                      option has been specified 
+++++++++++++++++++++++++++++++++++++++++++++++++++++++++++++++++++++++++++++++



############### BuiltIn -> RuleGroup=Design Read ###############
+++++++++++++++++++++++++++++++++++++++++++++++++++++++++++++++++++++++++++++++
Severity   Rule Name            Count Short Help                               
===============================================================================
INFO       DetectTopDesignUnits 1     Identify the top-level design units in 
                                      user design. 
INFO       ElabSummary          1     Generates Elaborated design units 
                                      Summary data 
+++++++++++++++++++++++++++++++++++++++++++++++++++++++++++++++++++++++++++++++



############### Non-BuiltIn -> Goal=adv_lint/adv_lint_struct ###############
+++++++++++++++++++++++++++++++++++++++++++++++++++++++++++++++++++++++++++++++
Severity   Rule Name            Count Short Help                               
===============================================================================
INFO       Av_Info_Case_Analysis 1     Highlights case-analysis settings 
INFO       Av_complexity01      1     Reports design characteristics and 
                                      complexity for all the RTL modules and 
                                      FSMs in the design. 
INFO       Av_initstate01       1     Reports initial state of the design. 
INFO       Av_report01          1     Reports statistics of properties and 
                                      functional constraints. 
+++++++++++++++++++++++++++++++++++++++++++++++++++++++++++++++++++++++++++++++

